<?xml version="1.0" encoding="UTF-8"?>
<!-- Generated by org.testng.reporters.JUnitXMLReporter -->
<testsuite hostname="DESKTOP-17MMR9T" ignored="0" name="Default test" tests="4" failures="0" timestamp="09 Aug 2020 04:44:44 GMT" time="0.044" errors="0">
  <testcase name="deleteTwitter" time="0.007" classname="qaclickacademy.RESTAPITest"/>
  <testcase name="postJira" time="0.001" classname="qaclickacademy.RESTAPITest"/>
  <testcase name="IOSApps" time="0.001" classname="qaclickacademy.AppiumTest"/>
  <testcase name="NativeAppAndroid" time="0.002" classname="qaclickacademy.AppiumTest"/>
</testsuite> <!-- Default test -->
