<?xml version="1.0" encoding="UTF-8"?>
<testng-results skipped="0" failed="0" ignored="0" total="4" passed="4">
  <reporter-output>
  </reporter-output>
  <suite name="Default suite" duration-ms="44" started-at="2020-08-09T04:44:44Z" finished-at="2020-08-09T04:44:44Z">
    <groups>
    </groups>
    <test name="Default test" duration-ms="44" started-at="2020-08-09T04:44:44Z" finished-at="2020-08-09T04:44:44Z">
      <class name="qaclickacademy.AppiumTest">
        <test-method status="PASS" signature="IOSApps()[pri:0, instance:qaclickacademy.AppiumTest@2669b199]" name="IOSApps" duration-ms="1" started-at="2020-08-09T10:14:44Z" finished-at="2020-08-09T10:14:44Z">
          <reporter-output>
          </reporter-output>
        </test-method> <!-- IOSApps -->
        <test-method status="PASS" signature="NativeAppAndroid()[pri:0, instance:qaclickacademy.AppiumTest@2669b199]" name="NativeAppAndroid" duration-ms="2" started-at="2020-08-09T10:14:44Z" finished-at="2020-08-09T10:14:44Z">
          <reporter-output>
          </reporter-output>
        </test-method> <!-- NativeAppAndroid -->
      </class> <!-- qaclickacademy.AppiumTest -->
      <class name="qaclickacademy.RESTAPITest">
        <test-method status="PASS" signature="deleteTwitter()[pri:0, instance:qaclickacademy.RESTAPITest@32e6e9c3]" name="deleteTwitter" duration-ms="7" started-at="2020-08-09T10:14:44Z" finished-at="2020-08-09T10:14:44Z">
          <reporter-output>
          </reporter-output>
        </test-method> <!-- deleteTwitter -->
        <test-method status="PASS" signature="postJira()[pri:0, instance:qaclickacademy.RESTAPITest@32e6e9c3]" name="postJira" duration-ms="1" started-at="2020-08-09T10:14:44Z" finished-at="2020-08-09T10:14:44Z">
          <reporter-output>
          </reporter-output>
        </test-method> <!-- postJira -->
      </class> <!-- qaclickacademy.RESTAPITest -->
    </test> <!-- Default test -->
  </suite> <!-- Default suite -->
</testng-results>
