<?xml version="1.0" encoding="UTF-8"?>
<testng-results skipped="0" failed="0" total="6" passed="6">
  <reporter-output>
  </reporter-output>
  <suite name="Default suite" duration-ms="97" started-at="2020-08-07T07:27:39Z" finished-at="2020-08-07T07:27:39Z">
    <groups>
    </groups>
    <test name="Default test" duration-ms="97" started-at="2020-08-07T07:27:39Z" finished-at="2020-08-07T07:27:39Z">
      <class name="qaclickacademy.AppiumTest">
        <test-method status="PASS" signature="IOSApps()[pri:0, instance:qaclickacademy.AppiumTest@7c30a502]" name="IOSApps" duration-ms="1" started-at="2020-08-07T12:57:39Z" finished-at="2020-08-07T12:57:39Z">
          <reporter-output>
          </reporter-output>
        </test-method> <!-- IOSApps -->
        <test-method status="PASS" signature="NativeAppAndroid()[pri:0, instance:qaclickacademy.AppiumTest@7c30a502]" name="NativeAppAndroid" duration-ms="1" started-at="2020-08-07T12:57:39Z" finished-at="2020-08-07T12:57:39Z">
          <reporter-output>
          </reporter-output>
        </test-method> <!-- NativeAppAndroid -->
      </class> <!-- qaclickacademy.AppiumTest -->
      <class name="qaclickacademy.RESTAPITest">
        <test-method status="PASS" signature="deleteTwitter()[pri:0, instance:qaclickacademy.RESTAPITest@3cb5cdba]" name="deleteTwitter" duration-ms="37" started-at="2020-08-07T12:57:39Z" finished-at="2020-08-07T12:57:39Z">
          <reporter-output>
          </reporter-output>
        </test-method> <!-- deleteTwitter -->
        <test-method status="PASS" signature="postJira()[pri:0, instance:qaclickacademy.RESTAPITest@3cb5cdba]" name="postJira" duration-ms="1" started-at="2020-08-07T12:57:39Z" finished-at="2020-08-07T12:57:39Z">
          <reporter-output>
          </reporter-output>
        </test-method> <!-- postJira -->
      </class> <!-- qaclickacademy.RESTAPITest -->
      <class name="qaclickacademy.SeleniumTest">
        <test-method status="PASS" signature="browserautomation()[pri:0, instance:qaclickacademy.SeleniumTest@49e4cb85]" name="browserautomation" duration-ms="2" started-at="2020-08-07T12:57:39Z" finished-at="2020-08-07T12:57:39Z">
          <reporter-output>
          </reporter-output>
        </test-method> <!-- browserautomation -->
        <test-method status="PASS" signature="elementsUi()[pri:0, instance:qaclickacademy.SeleniumTest@49e4cb85]" name="elementsUi" duration-ms="2" started-at="2020-08-07T12:57:39Z" finished-at="2020-08-07T12:57:39Z">
          <reporter-output>
          </reporter-output>
        </test-method> <!-- elementsUi -->
      </class> <!-- qaclickacademy.SeleniumTest -->
    </test> <!-- Default test -->
  </suite> <!-- Default suite -->
</testng-results>
